# JRE version: Java(TM) SE Runtime Environment (21.0.9+7) (build 21.0.9+7-LTS-338)
# Java VM: Java HotSpot(TM) 64-Bit Server VM (21.0.9+7-LTS-338, mixed mode, sharing, tiered, compressed oops, compressed class ptrs, g1 gc, windows-amd64)
GC Precious Log:
 CardTable entry size: 512
 Card Set container configuration: InlinePtr #cards 5 size 8 Array Of Cards #cards 12 size 40 Howl #buckets 4 coarsen threshold 1843 Howl Bitmap #cards 512 size 80 coarsen threshold 460 Card regions per heap region 1 cards per card region 2048
 CPUs: 8 total, 8 available
 Memory: 3836M
 Large Page Support: Disabled
 NUMA Support: Disabled
 Compressed Oops: Enabled (32-bit)
 Heap Region Size: 1M
 Heap Min Capacity: 8M
 Heap Initial Capacity: 60M
 Heap Max Capacity: 960M
 Pre-touch: Disabled
 Parallel Workers: 8
 Concurrent Workers: 2
 Concurrent Refinement Workers: 8
 Periodic GC: Disabled
Heap:
 garbage-first heap   total 55296K, used 36282K [0x00000000c4000000, 0x0000000100000000)
  region size 1024K, 11 young (11264K), 3 survivors (3072K)
 Metaspace       used 65814K, committed 66496K, reserved 1114112K
  class space    used 8752K, committed 9088K, reserved 1048576K
GC Heap History (20 events):
Event: 2.751 GC heap before
{Heap before GC invocations=3 (full 0):
 garbage-first heap   total 61440K, used 25575K [0x00000000c4000000, 0x0000000100000000)
  region size 1024K, 16 young (16384K), 3 survivors (3072K)
 Metaspace       used 21181K, committed 21504K, reserved 1114112K
  class space    used 2664K, committed 2816K, reserved 1048576K
}
Event: 2.756 GC heap after
{Heap after GC invocations=4 (full 0):
 garbage-first heap   total 61440K, used 14504K [0x00000000c4000000, 0x0000000100000000)
  region size 1024K, 2 young (2048K), 2 survivors (2048K)
 Metaspace       used 21181K, committed 21504K, reserved 1114112K
  class space    used 2664K, committed 2816K, reserved 1048576K
}
Event: 3.854 GC heap before
{Heap before GC invocations=5 (full 0):
 garbage-first heap   total 55296K, used 45224K [0x00000000c4000000, 0x0000000100000000)
  region size 1024K, 32 young (32768K), 2 survivors (2048K)
 Metaspace       used 25171K, committed 25536K, reserved 1114112K
  class space    used 3153K, committed 3328K, reserved 1048576K
}
Event: 3.860 GC heap after
{Heap after GC invocations=6 (full 0):
 garbage-first heap   total 55296K, used 17613K [0x00000000c4000000, 0x0000000100000000)
  region size 1024K, 4 young (4096K), 4 survivors (4096K)
 Metaspace       used 25171K, committed 25536K, reserved 1114112K
  class space    used 3153K, committed 3328K, reserved 1048576K
}
Event: 5.025 GC heap before
{Heap before GC invocations=6 (full 0):
 garbage-first heap   total 55296K, used 44237K [0x00000000c4000000, 0x0000000100000000)
  region size 1024K, 30 young (30720K), 4 survivors (4096K)
 Metaspace       used 29372K, committed 29888K, reserved 1114112K
  class space    used 3721K, committed 3968K, reserved 1048576K
}
Event: 5.033 GC heap after
{Heap after GC invocations=7 (full 0):
 garbage-first heap   total 55296K, used 19916K [0x00000000c4000000, 0x0000000100000000)
  region size 1024K, 3 young (3072K), 3 survivors (3072K)
 Metaspace       used 29372K, committed 29888K, reserved 1114112K
  class space    used 3721K, committed 3968K, reserved 1048576K
}
Event: 6.052 GC heap before
{Heap before GC invocations=7 (full 0):
 garbage-first heap   total 55296K, used 44492K [0x00000000c4000000, 0x0000000100000000)
  region size 1024K, 28 young (28672K), 3 survivors (3072K)
 Metaspace       used 34275K, committed 34752K, reserved 1114112K
  class space    used 4362K, committed 4544K, reserved 1048576K
}
Event: 6.058 GC heap after
{Heap after GC invocations=8 (full 0):
 garbage-first heap   total 55296K, used 22707K [0x00000000c4000000, 0x0000000100000000)
  region size 1024K, 3 young (3072K), 3 survivors (3072K)
 Metaspace       used 34275K, committed 34752K, reserved 1114112K
  class space    used 4362K, committed 4544K, reserved 1048576K
}
Event: 6.255 GC heap before
{Heap before GC invocations=8 (full 0):
 garbage-first heap   total 55296K, used 27827K [0x00000000c4000000, 0x0000000100000000)
  region size 1024K, 9 young (9216K), 3 survivors (3072K)
 Metaspace       used 35443K, committed 35968K, reserved 1114112K
  class space    used 4503K, committed 4736K, reserved 1048576K
}
Event: 6.260 GC heap after
{Heap after GC invocations=9 (full 0):
 garbage-first heap   total 55296K, used 23207K [0x00000000c4000000, 0x0000000100000000)
  region size 1024K, 1 young (1024K), 1 survivors (1024K)
 Metaspace       used 35443K, committed 35968K, reserved 1114112K
  class space    used 4503K, committed 4736K, reserved 1048576K
}
Event: 7.220 GC heap before
{Heap before GC invocations=10 (full 0):
 garbage-first heap   total 55296K, used 45735K [0x00000000c4000000, 0x0000000100000000)
  region size 1024K, 24 young (24576K), 1 survivors (1024K)
 Metaspace       used 41725K, committed 42304K, reserved 1114112K
  class space    used 5503K, committed 5760K, reserved 1048576K
}
Event: 7.223 GC heap after
{Heap after GC invocations=11 (full 0):
 garbage-first heap   total 55296K, used 24521K [0x00000000c4000000, 0x0000000100000000)
  region size 1024K, 2 young (2048K), 2 survivors (2048K)
 Metaspace       used 41725K, committed 42304K, reserved 1114112K
  class space    used 5503K, committed 5760K, reserved 1048576K
}
Event: 8.431 GC heap before
{Heap before GC invocations=11 (full 0):
 garbage-first heap   total 55296K, used 48073K [0x00000000c4000000, 0x0000000100000000)
  region size 1024K, 25 young (25600K), 2 survivors (2048K)
 Metaspace       used 51827K, committed 52352K, reserved 1114112K
  class space    used 6689K, committed 6912K, reserved 1048576K
}
Event: 8.436 GC heap after
{Heap after GC invocations=12 (full 0):
 garbage-first heap   total 55296K, used 26526K [0x00000000c4000000, 0x0000000100000000)
  region size 1024K, 4 young (4096K), 4 survivors (4096K)
 Metaspace       used 51827K, committed 52352K, reserved 1114112K
  class space    used 6689K, committed 6912K, reserved 1048576K
}
Event: 11.990 GC heap before
{Heap before GC invocations=12 (full 0):
 garbage-first heap   total 55296K, used 45982K [0x00000000c4000000, 0x0000000100000000)
  region size 1024K, 24 young (24576K), 4 survivors (4096K)
 Metaspace       used 56672K, committed 57216K, reserved 1114112K
  class space    used 7240K, committed 7488K, reserved 1048576K
}
Event: 11.994 GC heap after
{Heap after GC invocations=13 (full 0):
 garbage-first heap   total 55296K, used 28080K [0x00000000c4000000, 0x0000000100000000)
  region size 1024K, 2 young (2048K), 2 survivors (2048K)
 Metaspace       used 56672K, committed 57216K, reserved 1114112K
  class space    used 7240K, committed 7488K, reserved 1048576K
}
Event: 12.204 GC heap before
{Heap before GC invocations=13 (full 0):
 garbage-first heap   total 55296K, used 34224K [0x00000000c4000000, 0x0000000100000000)
  region size 1024K, 10 young (10240K), 2 survivors (2048K)
 Metaspace       used 59756K, committed 60288K, reserved 1114112K
  class space    used 7802K, committed 8064K, reserved 1048576K
}
Event: 12.207 GC heap after
{Heap after GC invocations=14 (full 0):
 garbage-first heap   total 55296K, used 28261K [0x00000000c4000000, 0x0000000100000000)
  region size 1024K, 2 young (2048K), 2 survivors (2048K)
 Metaspace       used 59756K, committed 60288K, reserved 1114112K
  class space    used 7802K, committed 8064K, reserved 1048576K
}
Event: 14.167 GC heap before
{Heap before GC invocations=15 (full 0):
 garbage-first heap   total 55296K, used 47717K [0x00000000c4000000, 0x0000000100000000)
  region size 1024K, 22 young (22528K), 2 survivors (2048K)
 Metaspace       used 64572K, committed 65216K, reserved 1114112K
  class space    used 8607K, committed 8896K, reserved 1048576K
}
Event: 14.169 GC heap after
{Heap after GC invocations=16 (full 0):
 garbage-first heap   total 55296K, used 29114K [0x00000000c4000000, 0x0000000100000000)
  region size 1024K, 3 young (3072K), 3 survivors (3072K)
 Metaspace       used 64572K, committed 65216K, reserved 1114112K
  class space    used 8607K, committed 8896K, reserved 1048576K
}

